<?xml version="1.0" encoding="UTF-8"?>
<testng-results ignored="0" total="1" passed="1" failed="0" skipped="0">
  <reporter-output>
  </reporter-output>
  <suite started-at="2026-02-13T11:10:18 IST" name="Default suite" finished-at="2026-02-13T11:10:34 IST" duration-ms="15848">
    <groups>
    </groups>
    <test started-at="2026-02-13T11:10:18 IST" name="Default test" finished-at="2026-02-13T11:10:34 IST" duration-ms="15848">
      <class name="Test.Login_Test">
        <test-method is-config="true" signature="setup()[pri:0, instance:Test.Login_Test@2805d709]" started-at="2026-02-13T11:10:19 IST" name="setup" finished-at="2026-02-13T11:10:29 IST" duration-ms="10521" status="PASS">
          <reporter-output>
          </reporter-output>
        </test-method> <!-- setup -->
        <test-method signature="validLoginTest()[pri:0, instance:Test.Login_Test@2805d709]" started-at="2026-02-13T11:10:29 IST" name="validLoginTest" finished-at="2026-02-13T11:10:34 IST" duration-ms="4961" status="PASS">
          <reporter-output>
          </reporter-output>
        </test-method> <!-- validLoginTest -->
        <test-method is-config="true" signature="tearDown()[pri:0, instance:Test.Login_Test@2805d709]" started-at="2026-02-13T11:10:34 IST" name="tearDown" finished-at="2026-02-13T11:10:34 IST" duration-ms="326" status="PASS">
          <reporter-output>
          </reporter-output>
        </test-method> <!-- tearDown -->
      </class> <!-- Test.Login_Test -->
    </test> <!-- Default test -->
  </suite> <!-- Default suite -->
</testng-results>
