<?xml version="1.0" encoding="UTF-8"?>
<testng-results ignored="0" total="1" passed="1" failed="0" skipped="0">
  <reporter-output>
  </reporter-output>
  <suite started-at="2026-02-13T17:15:11 IST" name="Suite" finished-at="2026-02-13T17:15:24 IST" duration-ms="13335">
    <groups>
    </groups>
    <test started-at="2026-02-13T17:15:11 IST" name="Test" finished-at="2026-02-13T17:15:24 IST" duration-ms="13335">
      <class name="Test.Login_Test">
        <test-method is-config="true" signature="setup()[pri:0, instance:Test.Login_Test@2805d709]" started-at="2026-02-13T17:15:11 IST" name="setup" finished-at="2026-02-13T17:15:19 IST" duration-ms="7844" status="PASS">
          <reporter-output>
          </reporter-output>
        </test-method> <!-- setup -->
        <test-method signature="validLoginTest()[pri:0, instance:Test.Login_Test@2805d709]" started-at="2026-02-13T17:15:19 IST" name="validLoginTest" finished-at="2026-02-13T17:15:24 IST" duration-ms="5250" status="PASS">
          <reporter-output>
          </reporter-output>
        </test-method> <!-- validLoginTest -->
        <test-method is-config="true" signature="tearDown()[pri:0, instance:Test.Login_Test@2805d709]" started-at="2026-02-13T17:15:24 IST" name="tearDown" finished-at="2026-02-13T17:15:24 IST" duration-ms="209" status="PASS">
          <reporter-output>
          </reporter-output>
        </test-method> <!-- tearDown -->
      </class> <!-- Test.Login_Test -->
    </test> <!-- Test -->
  </suite> <!-- Suite -->
</testng-results>
